2025-11-07 17:46:47,257 Worker rq:worker:cb1a7e1063c64d3182c5601d90a9b52a started with PID 49583, version 1.15.1
2025-11-07 17:46:47,257 Subscribing to channel rq:pubsub:cb1a7e1063c64d3182c5601d90a9b52a
2025-11-07 17:46:47,259 *** Listening on home-patrag-Documents-github-frappe-frappe-bench:short, home-patrag-Documents-github-frappe-frappe-bench:default, home-patrag-Documents-github-frappe-frappe-bench:long...
2025-11-07 17:46:47,260 Cleaning registries for queue: home-patrag-Documents-github-frappe-frappe-bench:short
2025-11-07 17:46:47,273 Cleaning registries for queue: home-patrag-Documents-github-frappe-frappe-bench:default
2025-11-07 17:46:47,275 Cleaning registries for queue: home-patrag-Documents-github-frappe-frappe-bench:long
2025-11-07 17:47:48,945 home-patrag-Documents-github-frappe-frappe-bench:default: frappe.utils.background_jobs.execute_job(event=None, is_async=True, job_name='frappe.core.doctype.scheduled_job_type.scheduled_job_type.run_scheduled_jo..., kwargs={'job_type': 'frappe.email.doctype.email_account.email_account.notify_unrep..., method='frappe.core.doctype.scheduled_job_type.scheduled_job_type.run_scheduled_jo..., site='development.localhost', user='Administrator') (development.localhost::scheduled_job::frappe.email.doctype.email_account.email_account.notify_unreplied)
2025-11-07 17:47:49,807 home-patrag-Documents-github-frappe-frappe-bench:default: Job OK (development.localhost::scheduled_job::frappe.email.doctype.email_account.email_account.notify_unreplied)
2025-11-07 17:47:49,807 Result is kept for 600 seconds
2025-11-07 17:47:49,814 home-patrag-Documents-github-frappe-frappe-bench:default: frappe.utils.background_jobs.execute_job(event=None, is_async=True, job_name='frappe.core.doctype.scheduled_job_type.scheduled_job_type.run_scheduled_jo..., kwargs={'job_type': 'frappe.email.queue.retry_sending_emails'}, method='frappe.core.doctype.scheduled_job_type.scheduled_job_type.run_scheduled_jo..., site='development.localhost', user='Administrator') (development.localhost::scheduled_job::frappe.email.queue.retry_sending_emails)
2025-11-07 17:47:49,991 home-patrag-Documents-github-frappe-frappe-bench:default: Job OK (development.localhost::scheduled_job::frappe.email.queue.retry_sending_emails)
2025-11-07 17:47:49,991 Result is kept for 600 seconds
2025-11-07 17:47:49,997 home-patrag-Documents-github-frappe-frappe-bench:default: frappe.utils.background_jobs.execute_job(event=None, is_async=True, job_name='frappe.core.doctype.scheduled_job_type.scheduled_job_type.run_scheduled_jo..., kwargs={'job_type': 'frappe.model.utils.link_count.update_link_count'}, method='frappe.core.doctype.scheduled_job_type.scheduled_job_type.run_scheduled_jo..., site='development.localhost', user='Administrator') (development.localhost::scheduled_job::frappe.model.utils.link_count.update_link_count)
2025-11-07 17:47:50,191 home-patrag-Documents-github-frappe-frappe-bench:default: Job OK (development.localhost::scheduled_job::frappe.model.utils.link_count.update_link_count)
2025-11-07 17:47:50,191 Result is kept for 600 seconds
2025-11-07 17:47:50,197 home-patrag-Documents-github-frappe-frappe-bench:default: frappe.utils.background_jobs.execute_job(event=None, is_async=True, job_name='frappe.core.doctype.scheduled_job_type.scheduled_job_type.run_scheduled_jo..., kwargs={'job_type': 'frappe.deferred_insert.save_to_db'}, method='frappe.core.doctype.scheduled_job_type.scheduled_job_type.run_scheduled_jo..., site='development.localhost', user='Administrator') (development.localhost::scheduled_job::frappe.deferred_insert.save_to_db)
2025-11-07 17:47:50,402 home-patrag-Documents-github-frappe-frappe-bench:default: Job OK (development.localhost::scheduled_job::frappe.deferred_insert.save_to_db)
2025-11-07 17:47:50,402 Result is kept for 600 seconds
2025-11-07 17:47:50,408 home-patrag-Documents-github-frappe-frappe-bench:default: frappe.utils.background_jobs.execute_job(event=None, is_async=True, job_name='frappe.core.doctype.scheduled_job_type.scheduled_job_type.run_scheduled_jo..., kwargs={'job_type': 'frappe.utils.global_search.sync_global_search'}, method='frappe.core.doctype.scheduled_job_type.scheduled_job_type.run_scheduled_jo..., site='development.localhost', user='Administrator') (development.localhost::scheduled_job::frappe.utils.global_search.sync_global_search)
2025-11-07 17:47:50,600 home-patrag-Documents-github-frappe-frappe-bench:default: Job OK (development.localhost::scheduled_job::frappe.utils.global_search.sync_global_search)
2025-11-07 17:47:50,600 Result is kept for 600 seconds
2025-11-07 17:47:50,605 home-patrag-Documents-github-frappe-frappe-bench:default: frappe.utils.background_jobs.execute_job(event=None, is_async=True, job_name='frappe.core.doctype.scheduled_job_type.scheduled_job_type.run_scheduled_jo..., kwargs={'job_type': 'frappe.email.doctype.email_account.email_account.pull'}, method='frappe.core.doctype.scheduled_job_type.scheduled_job_type.run_scheduled_jo..., site='development.localhost', user='Administrator') (development.localhost::scheduled_job::frappe.email.doctype.email_account.email_account.pull)
2025-11-07 17:47:50,847 home-patrag-Documents-github-frappe-frappe-bench:default: Job OK (development.localhost::scheduled_job::frappe.email.doctype.email_account.email_account.pull)
2025-11-07 17:47:50,847 Result is kept for 600 seconds
2025-11-07 17:47:50,852 home-patrag-Documents-github-frappe-frappe-bench:default: frappe.utils.background_jobs.execute_job(event=None, is_async=True, job_name='frappe.core.doctype.scheduled_job_type.scheduled_job_type.run_scheduled_jo..., kwargs={'job_type': 'frappe.monitor.flush'}, method='frappe.core.doctype.scheduled_job_type.scheduled_job_type.run_scheduled_jo..., site='development.localhost', user='Administrator') (development.localhost::scheduled_job::frappe.monitor.flush)
2025-11-07 17:47:50,981 home-patrag-Documents-github-frappe-frappe-bench:default: Job OK (development.localhost::scheduled_job::frappe.monitor.flush)
2025-11-07 17:47:50,981 Result is kept for 600 seconds
2025-11-07 17:47:50,986 home-patrag-Documents-github-frappe-frappe-bench:default: frappe.utils.background_jobs.execute_job(event=None, is_async=True, job_name='frappe.core.doctype.scheduled_job_type.scheduled_job_type.run_scheduled_jo..., kwargs={'job_type': 'erpnext.manufacturing.doctype.bom_update_log.bom_update_log.r..., method='frappe.core.doctype.scheduled_job_type.scheduled_job_type.run_scheduled_jo..., site='development.localhost', user='Administrator') (development.localhost::scheduled_job::erpnext.manufacturing.doctype.bom_update_log.bom_update_log.resume_bom_cost_update_jobs)
2025-11-07 17:47:51,235 home-patrag-Documents-github-frappe-frappe-bench:default: Job OK (development.localhost::scheduled_job::erpnext.manufacturing.doctype.bom_update_log.bom_update_log.resume_bom_cost_update_jobs)
2025-11-07 17:47:51,235 Result is kept for 600 seconds
2025-11-07 17:47:51,241 home-patrag-Documents-github-frappe-frappe-bench:default: frappe.utils.background_jobs.execute_job(event=None, is_async=True, job_name='frappe.core.doctype.scheduled_job_type.scheduled_job_type.run_scheduled_jo..., kwargs={'job_type': 'frappe.integrations.doctype.google_calendar.google_calendar.s..., method='frappe.core.doctype.scheduled_job_type.scheduled_job_type.run_scheduled_jo..., site='development.localhost', user='Administrator') (development.localhost::scheduled_job::frappe.integrations.doctype.google_calendar.google_calendar.sync)
2025-11-07 17:47:51,802 home-patrag-Documents-github-frappe-frappe-bench:default: Job OK (development.localhost::scheduled_job::frappe.integrations.doctype.google_calendar.google_calendar.sync)
2025-11-07 17:47:51,802 Result is kept for 600 seconds
2025-11-07 17:47:51,807 home-patrag-Documents-github-frappe-frappe-bench:default: frappe.utils.background_jobs.execute_job(event=None, is_async=True, job_name='frappe.core.doctype.scheduled_job_type.scheduled_job_type.run_scheduled_jo..., kwargs={'job_type': 'frappe.search.sqlite_search.build_index_if_not_exists'}, method='frappe.core.doctype.scheduled_job_type.scheduled_job_type.run_scheduled_jo..., site='development.localhost', user='Administrator') (development.localhost::scheduled_job::frappe.search.sqlite_search.build_index_if_not_exists)
2025-11-07 17:47:52,012 home-patrag-Documents-github-frappe-frappe-bench:default: Job OK (development.localhost::scheduled_job::frappe.search.sqlite_search.build_index_if_not_exists)
2025-11-07 17:47:52,012 Result is kept for 600 seconds
2025-11-07 17:47:52,019 home-patrag-Documents-github-frappe-frappe-bench:default: frappe.utils.background_jobs.execute_job(event=None, is_async=True, job_name='frappe.core.doctype.scheduled_job_type.scheduled_job_type.run_scheduled_jo..., kwargs={'job_type': 'frappe.automation.doctype.reminder.reminder.send_reminders'}, method='frappe.core.doctype.scheduled_job_type.scheduled_job_type.run_scheduled_jo..., site='development.localhost', user='Administrator') (development.localhost::scheduled_job::frappe.automation.doctype.reminder.reminder.send_reminders)
2025-11-07 17:47:52,241 home-patrag-Documents-github-frappe-frappe-bench:default: Job OK (development.localhost::scheduled_job::frappe.automation.doctype.reminder.reminder.send_reminders)
2025-11-07 17:47:52,241 Result is kept for 600 seconds
2025-11-07 17:47:52,246 home-patrag-Documents-github-frappe-frappe-bench:default: frappe.utils.background_jobs.execute_job(event=None, is_async=True, job_name='frappe.core.doctype.scheduled_job_type.scheduled_job_type.run_scheduled_jo..., kwargs={'job_type': 'frappe.email.queue.flush'}, method='frappe.core.doctype.scheduled_job_type.scheduled_job_type.run_scheduled_jo..., site='development.localhost', user='Administrator') (development.localhost::scheduled_job::frappe.email.queue.flush)
2025-11-07 17:47:52,471 home-patrag-Documents-github-frappe-frappe-bench:default: Job OK (development.localhost::scheduled_job::frappe.email.queue.flush)
2025-11-07 17:47:52,471 Result is kept for 600 seconds
2025-11-07 17:47:52,477 home-patrag-Documents-github-frappe-frappe-bench:default: frappe.utils.background_jobs.execute_job(event=None, is_async=True, job_name='frappe.core.doctype.scheduled_job_type.scheduled_job_type.run_scheduled_jo..., kwargs={'job_type': 'frappe.pulse.client.send_queued_events'}, method='frappe.core.doctype.scheduled_job_type.scheduled_job_type.run_scheduled_jo..., site='development.localhost', user='Administrator') (development.localhost::scheduled_job::frappe.pulse.client.send_queued_events)
2025-11-07 17:47:52,666 home-patrag-Documents-github-frappe-frappe-bench:default: Job OK (development.localhost::scheduled_job::frappe.pulse.client.send_queued_events)
2025-11-07 17:47:52,667 Result is kept for 600 seconds
2025-11-07 17:48:45,565 Worker cb1a7e1063c64d3182c5601d90a9b52a [PID 49583]: warm shut down requested
2025-11-07 17:48:45,574 Unsubscribing from channel rq:pubsub:cb1a7e1063c64d3182c5601d90a9b52a
2025-11-07 17:52:05,421 Worker rq:worker:89bd11e2fc6246eca54c6c360d43961c started with PID 51668, version 1.15.1
2025-11-07 17:52:05,422 Subscribing to channel rq:pubsub:89bd11e2fc6246eca54c6c360d43961c
2025-11-07 17:52:05,423 *** Listening on home-patrag-Documents-github-frappe:short, home-patrag-Documents-github-frappe:default, home-patrag-Documents-github-frappe:long...
2025-11-07 17:52:05,424 Cleaning registries for queue: home-patrag-Documents-github-frappe:short
2025-11-07 17:52:05,427 Cleaning registries for queue: home-patrag-Documents-github-frappe:default
2025-11-07 17:52:05,429 Cleaning registries for queue: home-patrag-Documents-github-frappe:long
2025-11-07 17:53:05,299 home-patrag-Documents-github-frappe:default: frappe.utils.background_jobs.execute_job(event=None, is_async=True, job_name='frappe.core.doctype.scheduled_job_type.scheduled_job_type.run_scheduled_jo..., kwargs={'job_type': 'frappe.email.queue.retry_sending_emails'}, method='frappe.core.doctype.scheduled_job_type.scheduled_job_type.run_scheduled_jo..., site='development.localhost', user='Administrator') (development.localhost::scheduled_job::frappe.email.queue.retry_sending_emails)
2025-11-07 17:53:05,825 home-patrag-Documents-github-frappe:default: Job OK (development.localhost::scheduled_job::frappe.email.queue.retry_sending_emails)
2025-11-07 17:53:05,825 Result is kept for 600 seconds
2025-11-07 17:53:05,841 home-patrag-Documents-github-frappe:default: frappe.utils.background_jobs.execute_job(event=None, is_async=True, job_name='frappe.core.doctype.scheduled_job_type.scheduled_job_type.run_scheduled_jo..., kwargs={'job_type': 'frappe.email.doctype.email_account.email_account.pull'}, method='frappe.core.doctype.scheduled_job_type.scheduled_job_type.run_scheduled_jo..., site='development.localhost', user='Administrator') (development.localhost::scheduled_job::frappe.email.doctype.email_account.email_account.pull)
2025-11-07 17:53:06,302 home-patrag-Documents-github-frappe:default: Job OK (development.localhost::scheduled_job::frappe.email.doctype.email_account.email_account.pull)
2025-11-07 17:53:06,303 Result is kept for 600 seconds
2025-11-07 17:53:06,316 home-patrag-Documents-github-frappe:default: frappe.utils.background_jobs.execute_job(event=None, is_async=True, job_name='frappe.core.doctype.scheduled_job_type.scheduled_job_type.run_scheduled_jo..., kwargs={'job_type': 'frappe.integrations.doctype.google_calendar.google_calendar.s..., method='frappe.core.doctype.scheduled_job_type.scheduled_job_type.run_scheduled_jo..., site='development.localhost', user='Administrator') (development.localhost::scheduled_job::frappe.integrations.doctype.google_calendar.google_calendar.sync)
2025-11-07 17:53:06,919 home-patrag-Documents-github-frappe:default: Job OK (development.localhost::scheduled_job::frappe.integrations.doctype.google_calendar.google_calendar.sync)
2025-11-07 17:53:06,919 Result is kept for 600 seconds
2025-11-07 17:53:06,926 home-patrag-Documents-github-frappe:default: frappe.utils.background_jobs.execute_job(event=None, is_async=True, job_name='frappe.core.doctype.scheduled_job_type.scheduled_job_type.run_scheduled_jo..., kwargs={'job_type': 'frappe.monitor.flush'}, method='frappe.core.doctype.scheduled_job_type.scheduled_job_type.run_scheduled_jo..., site='development.localhost', user='Administrator') (development.localhost::scheduled_job::frappe.monitor.flush)
2025-11-07 17:53:07,059 home-patrag-Documents-github-frappe:default: Job OK (development.localhost::scheduled_job::frappe.monitor.flush)
2025-11-07 17:53:07,060 Result is kept for 600 seconds
2025-11-07 17:53:07,065 home-patrag-Documents-github-frappe:default: frappe.utils.background_jobs.execute_job(event=None, is_async=True, job_name='frappe.core.doctype.scheduled_job_type.scheduled_job_type.run_scheduled_jo..., kwargs={'job_type': 'frappe.email.queue.flush'}, method='frappe.core.doctype.scheduled_job_type.scheduled_job_type.run_scheduled_jo..., site='development.localhost', user='Administrator') (development.localhost::scheduled_job::frappe.email.queue.flush)
2025-11-07 17:53:07,339 home-patrag-Documents-github-frappe:default: Job OK (development.localhost::scheduled_job::frappe.email.queue.flush)
2025-11-07 17:53:07,340 Result is kept for 600 seconds
2025-11-07 17:54:04,498 Worker 89bd11e2fc6246eca54c6c360d43961c [PID 51668]: warm shut down requested
2025-11-07 17:54:24,672 Worker rq:worker:23f58bf788314ae794e9920a48e44c02 started with PID 52999, version 1.15.1
2025-11-07 17:54:24,673 Subscribing to channel rq:pubsub:23f58bf788314ae794e9920a48e44c02
2025-11-07 17:54:24,675 *** Listening on home-patrag-Documents-github-frappe:short, home-patrag-Documents-github-frappe:default, home-patrag-Documents-github-frappe:long...
2025-11-07 17:55:25,331 home-patrag-Documents-github-frappe:default: frappe.utils.background_jobs.execute_job(event=None, is_async=True, job_name='frappe.core.doctype.scheduled_job_type.scheduled_job_type.run_scheduled_jo..., kwargs={'job_type': 'frappe.monitor.flush'}, method='frappe.core.doctype.scheduled_job_type.scheduled_job_type.run_scheduled_jo..., site='development.localhost', user='Administrator') (development.localhost::scheduled_job::frappe.monitor.flush)
2025-11-07 17:55:25,624 home-patrag-Documents-github-frappe:default: Job OK (development.localhost::scheduled_job::frappe.monitor.flush)
2025-11-07 17:55:25,624 Result is kept for 600 seconds
2025-11-07 17:55:25,630 home-patrag-Documents-github-frappe:default: frappe.utils.background_jobs.execute_job(event=None, is_async=True, job_name='frappe.core.doctype.scheduled_job_type.scheduled_job_type.run_scheduled_jo..., kwargs={'job_type': 'frappe.email.queue.flush'}, method='frappe.core.doctype.scheduled_job_type.scheduled_job_type.run_scheduled_jo..., site='development.localhost', user='Administrator') (development.localhost::scheduled_job::frappe.email.queue.flush)
2025-11-07 17:55:25,860 home-patrag-Documents-github-frappe:default: Job OK (development.localhost::scheduled_job::frappe.email.queue.flush)
2025-11-07 17:55:25,861 Result is kept for 600 seconds
2025-11-07 17:55:25,867 home-patrag-Documents-github-frappe:default: frappe.utils.background_jobs.execute_job(event=None, is_async=True, job_name='frappe.core.doctype.scheduled_job_type.scheduled_job_type.run_scheduled_jo..., kwargs={'job_type': 'frappe.integrations.doctype.google_calendar.google_calendar.s..., method='frappe.core.doctype.scheduled_job_type.scheduled_job_type.run_scheduled_jo..., site='development.localhost', user='Administrator') (development.localhost::scheduled_job::frappe.integrations.doctype.google_calendar.google_calendar.sync)
2025-11-07 17:55:26,393 home-patrag-Documents-github-frappe:default: Job OK (development.localhost::scheduled_job::frappe.integrations.doctype.google_calendar.google_calendar.sync)
2025-11-07 17:55:26,393 Result is kept for 600 seconds
2025-11-07 17:55:26,400 home-patrag-Documents-github-frappe:default: frappe.utils.background_jobs.execute_job(event=None, is_async=True, job_name='frappe.core.doctype.scheduled_job_type.scheduled_job_type.run_scheduled_jo..., kwargs={'job_type': 'frappe.email.queue.retry_sending_emails'}, method='frappe.core.doctype.scheduled_job_type.scheduled_job_type.run_scheduled_jo..., site='development.localhost', user='Administrator') (development.localhost::scheduled_job::frappe.email.queue.retry_sending_emails)
2025-11-07 17:55:26,580 home-patrag-Documents-github-frappe:default: Job OK (development.localhost::scheduled_job::frappe.email.queue.retry_sending_emails)
2025-11-07 17:55:26,580 Result is kept for 600 seconds
2025-11-07 17:56:25,495 home-patrag-Documents-github-frappe:default: frappe.utils.background_jobs.execute_job(event=None, is_async=True, job_name='frappe.core.doctype.scheduled_job_type.scheduled_job_type.run_scheduled_jo..., kwargs={'job_type': 'erpnext.projects.doctype.project.project.collect_project_stat..., method='frappe.core.doctype.scheduled_job_type.scheduled_job_type.run_scheduled_jo..., site='development.localhost', user='Administrator') (development.localhost::scheduled_job::erpnext.projects.doctype.project.project.collect_project_status)
2025-11-07 17:56:26,232 home-patrag-Documents-github-frappe:default: Job OK (development.localhost::scheduled_job::erpnext.projects.doctype.project.project.collect_project_status)
2025-11-07 17:56:26,232 Result is kept for 600 seconds
2025-11-07 17:56:26,290 home-patrag-Documents-github-frappe:default: frappe.utils.background_jobs.execute_job(event=None, is_async=True, job_name='frappe.core.doctype.scheduled_job_type.scheduled_job_type.run_scheduled_jo..., kwargs={'job_type': 'frappe.search.sqlite_search.build_index_if_not_exists'}, method='frappe.core.doctype.scheduled_job_type.scheduled_job_type.run_scheduled_jo..., site='development.localhost', user='Administrator') (development.localhost::scheduled_job::frappe.search.sqlite_search.build_index_if_not_exists)
2025-11-07 17:56:26,553 home-patrag-Documents-github-frappe:default: Job OK (development.localhost::scheduled_job::frappe.search.sqlite_search.build_index_if_not_exists)
2025-11-07 17:56:26,554 Result is kept for 600 seconds
2025-11-07 17:56:26,562 home-patrag-Documents-github-frappe:default: frappe.utils.background_jobs.execute_job(event=None, is_async=True, job_name='frappe.core.doctype.scheduled_job_type.scheduled_job_type.run_scheduled_jo..., kwargs={'job_type': 'frappe.integrations.doctype.google_calendar.google_calendar.s..., method='frappe.core.doctype.scheduled_job_type.scheduled_job_type.run_scheduled_jo..., site='development.localhost', user='Administrator') (development.localhost::scheduled_job::frappe.integrations.doctype.google_calendar.google_calendar.sync)
2025-11-07 17:56:27,349 home-patrag-Documents-github-frappe:default: Job OK (development.localhost::scheduled_job::frappe.integrations.doctype.google_calendar.google_calendar.sync)
2025-11-07 17:56:27,349 Result is kept for 600 seconds
2025-11-07 17:56:27,359 home-patrag-Documents-github-frappe:default: frappe.utils.background_jobs.execute_job(event=None, is_async=True, job_name='frappe.core.doctype.scheduled_job_type.scheduled_job_type.run_scheduled_jo..., kwargs={'job_type': 'frappe.email.queue.flush'}, method='frappe.core.doctype.scheduled_job_type.scheduled_job_type.run_scheduled_jo..., site='development.localhost', user='Administrator') (development.localhost::scheduled_job::frappe.email.queue.flush)
2025-11-07 17:56:27,744 home-patrag-Documents-github-frappe:default: Job OK (development.localhost::scheduled_job::frappe.email.queue.flush)
2025-11-07 17:56:27,744 Result is kept for 600 seconds
2025-11-07 17:56:27,751 home-patrag-Documents-github-frappe:default: frappe.utils.background_jobs.execute_job(event=None, is_async=True, job_name='frappe.core.doctype.scheduled_job_type.scheduled_job_type.run_scheduled_jo..., kwargs={'job_type': 'frappe.email.doctype.newsletter.newsletter.send_scheduled_ema..., method='frappe.core.doctype.scheduled_job_type.scheduled_job_type.run_scheduled_jo..., site='development.localhost', user='Administrator') (development.localhost::scheduled_job::frappe.email.doctype.newsletter.newsletter.send_scheduled_email)
2025-11-07 17:56:28,032 home-patrag-Documents-github-frappe:default: Job OK (development.localhost::scheduled_job::frappe.email.doctype.newsletter.newsletter.send_scheduled_email)
2025-11-07 17:56:28,032 Result is kept for 600 seconds
2025-11-07 17:56:28,039 home-patrag-Documents-github-frappe:default: frappe.utils.background_jobs.execute_job(event=None, is_async=True, job_name='frappe.core.doctype.scheduled_job_type.scheduled_job_type.run_scheduled_jo..., kwargs={'job_type': 'erpnext.utilities.doctype.video.video.update_youtube_data'}, method='frappe.core.doctype.scheduled_job_type.scheduled_job_type.run_scheduled_jo..., site='development.localhost', user='Administrator') (development.localhost::scheduled_job::erpnext.utilities.doctype.video.video.update_youtube_data)
2025-11-07 17:56:28,425 home-patrag-Documents-github-frappe:default: Job OK (development.localhost::scheduled_job::erpnext.utilities.doctype.video.video.update_youtube_data)
2025-11-07 17:56:28,425 Result is kept for 600 seconds
2025-11-07 17:56:28,433 home-patrag-Documents-github-frappe:default: frappe.utils.background_jobs.execute_job(event=None, is_async=True, job_name='frappe.core.doctype.scheduled_job_type.scheduled_job_type.run_scheduled_jo..., kwargs={'job_type': 'frappe.utils.global_search.sync_global_search'}, method='frappe.core.doctype.scheduled_job_type.scheduled_job_type.run_scheduled_jo..., site='development.localhost', user='Administrator') (development.localhost::scheduled_job::frappe.utils.global_search.sync_global_search)
2025-11-07 17:56:28,905 home-patrag-Documents-github-frappe:default: Job OK (development.localhost::scheduled_job::frappe.utils.global_search.sync_global_search)
2025-11-07 17:56:28,905 Result is kept for 600 seconds
2025-11-07 17:56:28,922 home-patrag-Documents-github-frappe:default: frappe.utils.background_jobs.execute_job(event=None, is_async=True, job_name='frappe.core.doctype.scheduled_job_type.scheduled_job_type.run_scheduled_jo..., kwargs={'job_type': 'frappe.deferred_insert.save_to_db'}, method='frappe.core.doctype.scheduled_job_type.scheduled_job_type.run_scheduled_jo..., site='development.localhost', user='Administrator') (development.localhost::scheduled_job::frappe.deferred_insert.save_to_db)
2025-11-07 17:56:29,378 home-patrag-Documents-github-frappe:default: Job OK (development.localhost::scheduled_job::frappe.deferred_insert.save_to_db)
2025-11-07 17:56:29,378 Result is kept for 600 seconds
2025-11-07 17:56:29,389 home-patrag-Documents-github-frappe:default: frappe.utils.background_jobs.execute_job(event=None, is_async=True, job_name='frappe.core.doctype.scheduled_job_type.scheduled_job_type.run_scheduled_jo..., kwargs={'job_type': 'erpnext.projects.doctype.project.project.project_status_updat..., method='frappe.core.doctype.scheduled_job_type.scheduled_job_type.run_scheduled_jo..., site='development.localhost', user='Administrator') (development.localhost::scheduled_job::erpnext.projects.doctype.project.project.project_status_update_reminder)
2025-11-07 17:56:29,694 home-patrag-Documents-github-frappe:default: Job OK (development.localhost::scheduled_job::erpnext.projects.doctype.project.project.project_status_update_reminder)
2025-11-07 17:56:29,694 Result is kept for 600 seconds
2025-11-07 17:56:29,701 home-patrag-Documents-github-frappe:default: frappe.utils.background_jobs.execute_job(event=None, is_async=True, job_name='frappe.core.doctype.scheduled_job_type.scheduled_job_type.run_scheduled_jo..., kwargs={'job_type': 'frappe.monitor.flush'}, method='frappe.core.doctype.scheduled_job_type.scheduled_job_type.run_scheduled_jo..., site='development.localhost', user='Administrator') (development.localhost::scheduled_job::frappe.monitor.flush)
2025-11-07 17:56:29,887 home-patrag-Documents-github-frappe:default: Job OK (development.localhost::scheduled_job::frappe.monitor.flush)
2025-11-07 17:56:29,888 Result is kept for 600 seconds
2025-11-07 17:56:29,901 home-patrag-Documents-github-frappe:default: frappe.utils.background_jobs.execute_job(event=None, is_async=True, job_name='frappe.core.doctype.scheduled_job_type.scheduled_job_type.run_scheduled_jo..., kwargs={'job_type': 'frappe.email.queue.retry_sending_emails'}, method='frappe.core.doctype.scheduled_job_type.scheduled_job_type.run_scheduled_jo..., site='development.localhost', user='Administrator') (development.localhost::scheduled_job::frappe.email.queue.retry_sending_emails)
2025-11-07 17:56:30,116 home-patrag-Documents-github-frappe:default: Job OK (development.localhost::scheduled_job::frappe.email.queue.retry_sending_emails)
2025-11-07 17:56:30,116 Result is kept for 600 seconds
2025-11-07 17:56:30,123 home-patrag-Documents-github-frappe:default: frappe.utils.background_jobs.execute_job(event=None, is_async=True, job_name='frappe.core.doctype.scheduled_job_type.scheduled_job_type.run_scheduled_jo..., kwargs={'job_type': 'frappe.model.utils.link_count.update_link_count'}, method='frappe.core.doctype.scheduled_job_type.scheduled_job_type.run_scheduled_jo..., site='development.localhost', user='Administrator') (development.localhost::scheduled_job::frappe.model.utils.link_count.update_link_count)
2025-11-07 17:56:30,339 home-patrag-Documents-github-frappe:default: Job OK (development.localhost::scheduled_job::frappe.model.utils.link_count.update_link_count)
2025-11-07 17:56:30,339 Result is kept for 600 seconds
2025-11-07 17:56:30,346 home-patrag-Documents-github-frappe:default: frappe.utils.background_jobs.execute_job(event=None, is_async=True, job_name='frappe.core.doctype.scheduled_job_type.scheduled_job_type.run_scheduled_jo..., kwargs={'job_type': 'erpnext.projects.doctype.project.project.hourly_reminder'}, method='frappe.core.doctype.scheduled_job_type.scheduled_job_type.run_scheduled_jo..., site='development.localhost', user='Administrator') (development.localhost::scheduled_job::erpnext.projects.doctype.project.project.hourly_reminder)
2025-11-07 17:56:30,635 home-patrag-Documents-github-frappe:default: Job OK (development.localhost::scheduled_job::erpnext.projects.doctype.project.project.hourly_reminder)
2025-11-07 17:56:30,635 Result is kept for 600 seconds
2025-11-07 17:56:30,642 home-patrag-Documents-github-frappe:default: frappe.utils.background_jobs.execute_job(event=None, is_async=True, job_name='frappe.core.doctype.scheduled_job_type.scheduled_job_type.run_scheduled_jo..., kwargs={'job_type': 'frappe.email.doctype.email_account.email_account.pull'}, method='frappe.core.doctype.scheduled_job_type.scheduled_job_type.run_scheduled_jo..., site='development.localhost', user='Administrator') (development.localhost::scheduled_job::frappe.email.doctype.email_account.email_account.pull)
2025-11-07 17:56:30,976 home-patrag-Documents-github-frappe:default: Job OK (development.localhost::scheduled_job::frappe.email.doctype.email_account.email_account.pull)
2025-11-07 17:56:30,976 Result is kept for 600 seconds
2025-11-07 17:56:30,983 home-patrag-Documents-github-frappe:default: frappe.utils.background_jobs.execute_job(event=None, is_async=True, job_name='frappe.core.doctype.scheduled_job_type.scheduled_job_type.run_scheduled_jo..., kwargs={'job_type': 'erpnext.manufacturing.doctype.bom_update_log.bom_update_log.r..., method='frappe.core.doctype.scheduled_job_type.scheduled_job_type.run_scheduled_jo..., site='development.localhost', user='Administrator') (development.localhost::scheduled_job::erpnext.manufacturing.doctype.bom_update_log.bom_update_log.resume_bom_cost_update_jobs)
2025-11-07 17:56:31,256 home-patrag-Documents-github-frappe:default: Job OK (development.localhost::scheduled_job::erpnext.manufacturing.doctype.bom_update_log.bom_update_log.resume_bom_cost_update_jobs)
2025-11-07 17:56:31,257 Result is kept for 600 seconds
2025-11-07 17:56:31,269 home-patrag-Documents-github-frappe:default: frappe.utils.background_jobs.execute_job(event=None, is_async=True, job_name='frappe.core.doctype.scheduled_job_type.scheduled_job_type.run_scheduled_jo..., kwargs={'job_type': 'frappe.pulse.client.send_queued_events'}, method='frappe.core.doctype.scheduled_job_type.scheduled_job_type.run_scheduled_jo..., site='development.localhost', user='Administrator') (development.localhost::scheduled_job::frappe.pulse.client.send_queued_events)
2025-11-07 17:56:31,551 home-patrag-Documents-github-frappe:default: Job OK (development.localhost::scheduled_job::frappe.pulse.client.send_queued_events)
2025-11-07 17:56:31,552 Result is kept for 600 seconds
2025-11-07 17:56:31,562 home-patrag-Documents-github-frappe:default: frappe.utils.background_jobs.execute_job(event=None, is_async=True, job_name='frappe.core.doctype.scheduled_job_type.scheduled_job_type.run_scheduled_jo..., kwargs={'job_type': 'frappe.email.doctype.email_account.email_account.notify_unrep..., method='frappe.core.doctype.scheduled_job_type.scheduled_job_type.run_scheduled_jo..., site='development.localhost', user='Administrator') (development.localhost::scheduled_job::frappe.email.doctype.email_account.email_account.notify_unreplied)
2025-11-07 17:56:31,845 home-patrag-Documents-github-frappe:default: Job OK (development.localhost::scheduled_job::frappe.email.doctype.email_account.email_account.notify_unreplied)
2025-11-07 17:56:31,845 Result is kept for 600 seconds
2025-11-07 17:56:31,852 home-patrag-Documents-github-frappe:default: frappe.utils.background_jobs.execute_job(event=None, is_async=True, job_name='frappe.core.doctype.scheduled_job_type.scheduled_job_type.run_scheduled_jo..., kwargs={'job_type': 'frappe.automation.doctype.reminder.reminder.send_reminders'}, method='frappe.core.doctype.scheduled_job_type.scheduled_job_type.run_scheduled_jo..., site='development.localhost', user='Administrator') (development.localhost::scheduled_job::frappe.automation.doctype.reminder.reminder.send_reminders)
2025-11-07 17:56:32,169 home-patrag-Documents-github-frappe:default: Job OK (development.localhost::scheduled_job::frappe.automation.doctype.reminder.reminder.send_reminders)
2025-11-07 17:56:32,169 Result is kept for 600 seconds
2025-11-07 17:56:32,176 home-patrag-Documents-github-frappe:default: frappe.utils.background_jobs.execute_job(event=None, is_async=True, job_name='frappe.core.doctype.scheduled_job_type.scheduled_job_type.run_scheduled_jo..., kwargs={'job_type': 'erpnext.accounts.doctype.gl_entry.gl_entry.rename_gle_sle_doc..., method='frappe.core.doctype.scheduled_job_type.scheduled_job_type.run_scheduled_jo..., site='development.localhost', user='Administrator') (development.localhost::scheduled_job::erpnext.accounts.doctype.gl_entry.gl_entry.rename_gle_sle_docs)
2025-11-07 17:56:32,550 home-patrag-Documents-github-frappe:default: Job OK (development.localhost::scheduled_job::erpnext.accounts.doctype.gl_entry.gl_entry.rename_gle_sle_docs)
2025-11-07 17:56:32,551 Result is kept for 600 seconds
2025-11-07 17:56:32,559 home-patrag-Documents-github-frappe:default: frappe.utils.background_jobs.execute_job(event=None, is_async=True, job_name='frappe.core.doctype.scheduled_job_type.scheduled_job_type.run_scheduled_jo..., kwargs={'job_type': 'erpnext.erpnext_integrations.doctype.plaid_settings.plaid_set..., method='frappe.core.doctype.scheduled_job_type.scheduled_job_type.run_scheduled_jo..., site='development.localhost', user='Administrator') (development.localhost::scheduled_job::erpnext.erpnext_integrations.doctype.plaid_settings.plaid_settings.automatic_synchronization)
2025-11-07 17:56:32,971 home-patrag-Documents-github-frappe:default: Job OK (development.localhost::scheduled_job::erpnext.erpnext_integrations.doctype.plaid_settings.plaid_settings.automatic_synchronization)
2025-11-07 17:56:32,971 Result is kept for 600 seconds
2025-11-07 17:56:32,988 home-patrag-Documents-github-frappe:long: frappe.utils.background_jobs.execute_job(event=None, is_async=True, job_name='frappe.core.doctype.scheduled_job_type.scheduled_job_type.run_scheduled_jo..., kwargs={'job_type': 'frappe.core.doctype.prepared_report.prepared_report.expire_st..., method='frappe.core.doctype.scheduled_job_type.scheduled_job_type.run_scheduled_jo..., site='development.localhost', user='Administrator') (development.localhost::scheduled_job::frappe.core.doctype.prepared_report.prepared_report.expire_stalled_report)
2025-11-07 17:56:33,279 home-patrag-Documents-github-frappe:long: Job OK (development.localhost::scheduled_job::frappe.core.doctype.prepared_report.prepared_report.expire_stalled_report)
2025-11-07 17:56:33,280 Result is kept for 600 seconds
2025-11-07 17:56:33,286 home-patrag-Documents-github-frappe:long: frappe.utils.background_jobs.execute_job(event=None, is_async=True, job_name='frappe.core.doctype.scheduled_job_type.scheduled_job_type.run_scheduled_jo..., kwargs={'job_type': 'frappe.model.utils.user_settings.sync_user_settings'}, method='frappe.core.doctype.scheduled_job_type.scheduled_job_type.run_scheduled_jo..., site='development.localhost', user='Administrator') (development.localhost::scheduled_job::frappe.model.utils.user_settings.sync_user_settings)
2025-11-07 17:56:33,550 home-patrag-Documents-github-frappe:long: Job OK (development.localhost::scheduled_job::frappe.model.utils.user_settings.sync_user_settings)
2025-11-07 17:56:33,550 Result is kept for 600 seconds
2025-11-07 17:56:33,559 home-patrag-Documents-github-frappe:long: frappe.utils.background_jobs.execute_job(event=None, is_async=True, job_name='frappe.core.doctype.scheduled_job_type.scheduled_job_type.run_scheduled_jo..., kwargs={'job_type': 'frappe.desk.page.backups.backups.delete_downloadable_backups'..., method='frappe.core.doctype.scheduled_job_type.scheduled_job_type.run_scheduled_jo..., site='development.localhost', user='Administrator') (development.localhost::scheduled_job::frappe.desk.page.backups.backups.delete_downloadable_backups)
2025-11-07 17:56:33,870 home-patrag-Documents-github-frappe:long: Job OK (development.localhost::scheduled_job::frappe.desk.page.backups.backups.delete_downloadable_backups)
2025-11-07 17:56:33,870 Result is kept for 600 seconds
2025-11-07 17:56:33,880 home-patrag-Documents-github-frappe:long: frappe.utils.background_jobs.execute_job(event=None, is_async=True, job_name='frappe.core.doctype.scheduled_job_type.scheduled_job_type.run_scheduled_jo..., kwargs={'job_type': 'erpnext.utilities.bulk_transaction.retry'}, method='frappe.core.doctype.scheduled_job_type.scheduled_job_type.run_scheduled_jo..., site='development.localhost', user='Administrator') (development.localhost::scheduled_job::erpnext.utilities.bulk_transaction.retry)
2025-11-07 17:56:34,242 home-patrag-Documents-github-frappe:long: Job OK (development.localhost::scheduled_job::erpnext.utilities.bulk_transaction.retry)
2025-11-07 17:56:34,242 Result is kept for 600 seconds
2025-11-07 17:56:34,249 home-patrag-Documents-github-frappe:long: frappe.utils.background_jobs.execute_job(event=None, is_async=True, job_name='frappe.core.doctype.scheduled_job_type.scheduled_job_type.run_scheduled_jo..., kwargs={'job_type': 'frappe.desk.form.document_follow.send_hourly_updates'}, method='frappe.core.doctype.scheduled_job_type.scheduled_job_type.run_scheduled_jo..., site='development.localhost', user='Administrator') (development.localhost::scheduled_job::frappe.desk.form.document_follow.send_hourly_updates)
2025-11-07 17:56:34,473 home-patrag-Documents-github-frappe:long: Job OK (development.localhost::scheduled_job::frappe.desk.form.document_follow.send_hourly_updates)
2025-11-07 17:56:34,473 Result is kept for 600 seconds
2025-11-07 17:56:34,480 home-patrag-Documents-github-frappe:long: frappe.utils.background_jobs.execute_job(event=None, is_async=True, job_name='frappe.core.doctype.scheduled_job_type.scheduled_job_type.run_scheduled_jo..., kwargs={'job_type': 'frappe.website.doctype.personal_data_deletion_request.persona..., method='frappe.core.doctype.scheduled_job_type.scheduled_job_type.run_scheduled_jo..., site='development.localhost', user='Administrator') (development.localhost::scheduled_job::frappe.website.doctype.personal_data_deletion_request.personal_data_deletion_request.process_data_deletion_request)
2025-11-07 17:56:34,730 home-patrag-Documents-github-frappe:long: Job OK (development.localhost::scheduled_job::frappe.website.doctype.personal_data_deletion_request.personal_data_deletion_request.process_data_deletion_request)
2025-11-07 17:56:34,730 Result is kept for 600 seconds
2025-11-07 17:56:34,743 home-patrag-Documents-github-frappe:long: frappe.utils.background_jobs.execute_job(event=None, is_async=True, job_name='frappe.core.doctype.scheduled_job_type.scheduled_job_type.run_scheduled_jo..., kwargs={'job_type': 'frappe.desk.utils.delete_old_exported_report_files'}, method='frappe.core.doctype.scheduled_job_type.scheduled_job_type.run_scheduled_jo..., site='development.localhost', user='Administrator') (development.localhost::scheduled_job::frappe.desk.utils.delete_old_exported_report_files)
2025-11-07 17:56:35,011 home-patrag-Documents-github-frappe:long: Job OK (development.localhost::scheduled_job::frappe.desk.utils.delete_old_exported_report_files)
2025-11-07 17:56:35,011 Result is kept for 600 seconds
2025-11-07 17:56:35,017 home-patrag-Documents-github-frappe:long: frappe.utils.background_jobs.execute_job(event=None, is_async=True, job_name='frappe.core.doctype.scheduled_job_type.scheduled_job_type.run_scheduled_jo..., kwargs={'job_type': 'frappe.website.doctype.web_page.web_page.check_publish_status..., method='frappe.core.doctype.scheduled_job_type.scheduled_job_type.run_scheduled_jo..., site='development.localhost', user='Administrator') (development.localhost::scheduled_job::frappe.website.doctype.web_page.web_page.check_publish_status)
2025-11-07 17:56:35,273 home-patrag-Documents-github-frappe:long: Job OK (development.localhost::scheduled_job::frappe.website.doctype.web_page.web_page.check_publish_status)
2025-11-07 17:56:35,273 Result is kept for 600 seconds
2025-11-07 17:56:35,281 home-patrag-Documents-github-frappe:long: frappe.utils.background_jobs.execute_job(event=None, is_async=True, job_name='frappe.core.doctype.scheduled_job_type.scheduled_job_type.run_scheduled_jo..., kwargs={'job_type': 'frappe.twofactor.delete_all_barcodes_for_users'}, method='frappe.core.doctype.scheduled_job_type.scheduled_job_type.run_scheduled_jo..., site='development.localhost', user='Administrator') (development.localhost::scheduled_job::frappe.twofactor.delete_all_barcodes_for_users)
2025-11-07 17:56:35,555 home-patrag-Documents-github-frappe:long: Job OK (development.localhost::scheduled_job::frappe.twofactor.delete_all_barcodes_for_users)
2025-11-07 17:56:35,555 Result is kept for 600 seconds
2025-11-07 17:56:35,567 home-patrag-Documents-github-frappe:long: frappe.utils.background_jobs.execute_job(event=None, is_async=True, job_name='frappe.core.doctype.scheduled_job_type.scheduled_job_type.run_scheduled_jo..., kwargs={'job_type': 'erpnext.stock.doctype.repost_item_valuation.repost_item_valua..., method='frappe.core.doctype.scheduled_job_type.scheduled_job_type.run_scheduled_jo..., site='development.localhost', user='Administrator') (development.localhost::scheduled_job::erpnext.stock.doctype.repost_item_valuation.repost_item_valuation.repost_entries)
2025-11-07 17:56:35,927 home-patrag-Documents-github-frappe:long: Job OK (development.localhost::scheduled_job::erpnext.stock.doctype.repost_item_valuation.repost_item_valuation.repost_entries)
2025-11-07 17:56:35,927 Result is kept for 600 seconds
2025-11-07 17:56:35,935 home-patrag-Documents-github-frappe:long: frappe.utils.background_jobs.execute_job(event=None, is_async=True, job_name='frappe.core.doctype.scheduled_job_type.scheduled_job_type.run_scheduled_jo..., kwargs={'job_type': 'frappe.oauth.delete_oauth2_data'}, method='frappe.core.doctype.scheduled_job_type.scheduled_job_type.run_scheduled_jo..., site='development.localhost', user='Administrator') (development.localhost::scheduled_job::frappe.oauth.delete_oauth2_data)
2025-11-07 17:56:36,267 home-patrag-Documents-github-frappe:long: Job OK (development.localhost::scheduled_job::frappe.oauth.delete_oauth2_data)
2025-11-07 17:56:36,268 Result is kept for 600 seconds
